{"contracts/PrivateTransferIngress.sol":{"l":{"70":15,"72":15,"82":8,"83":7,"92":7,"99":7,"113":3,"114":2,"116":1,"118":1,"128":1,"136":1,"153":7,"154":7,"155":6,"156":6,"158":6,"174":3,"175":2,"177":1,"186":1,"193":1,"194":1,"211":3,"212":2,"214":1,"216":1,"225":1,"232":1,"233":1,"241":8,"242":7,"244":6,"253":6,"260":6,"262":6,"263":6,"264":6,"266":6,"267":6,"269":6,"282":0,"290":0,"291":0,"292":0,"293":0,"295":0,"296":0,"297":0,"298":0,"299":0,"300":0,"305":0,"306":0,"307":0,"308":0,"309":0,"314":0,"315":0,"316":0,"318":0,"325":0,"326":0,"327":0,"336":4},"path":"/root/c0gito/contracts/PrivateTransferIngress.sol","s":{"1":15,"2":15,"3":8,"4":7,"5":3,"6":2,"7":1,"8":1,"9":7,"10":7,"11":6,"12":6,"13":3,"14":2,"15":1,"16":1,"17":3,"18":2,"19":1,"20":1,"21":1,"22":8,"23":7,"24":6,"25":6,"26":6,"27":6,"28":0,"29":0,"30":0,"31":0,"32":0,"33":0,"34":0,"35":0,"36":0,"37":0,"38":0,"39":0,"40":0,"41":0,"42":0,"43":0,"44":0,"45":0,"46":0,"47":0,"48":4},"b":{"1":[7,1],"2":[2,1],"3":[1,1],"4":[6,1],"5":[6,0],"6":[6,0],"7":[2,1],"8":[1,1],"9":[2,1],"10":[1,1],"11":[7,1],"12":[6,1],"13":[0,0],"14":[0,0],"15":[0,0],"16":[0,0],"17":[0,0],"18":[0,0],"19":[0,0],"20":[0,0],"21":[0,0],"22":[0,0],"23":[0,0],"24":[0,0]},"f":{"1":15,"2":8,"3":3,"4":7,"5":3,"6":3,"7":8,"8":0,"9":4},"fnMap":{"1":{"name":"constructor","line":69,"loc":{"start":{"line":69,"column":4},"end":{"line":73,"column":4}}},"2":{"name":"depositNative","line":81,"loc":{"start":{"line":81,"column":4},"end":{"line":100,"column":4}}},"3":{"name":"depositErc20","line":109,"loc":{"start":{"line":109,"column":4},"end":{"line":137,"column":4}}},"4":{"name":"initiateTransfer","line":148,"loc":{"start":{"line":148,"column":4},"end":{"line":159,"column":4}}},"5":{"name":"initiateNativeTransfer","line":169,"loc":{"start":{"line":169,"column":4},"end":{"line":195,"column":4}}},"6":{"name":"initiateErc20Transfer","line":205,"loc":{"start":{"line":205,"column":4},"end":{"line":234,"column":4}}},"7":{"name":"_initiateWithDeposit","line":236,"loc":{"start":{"line":236,"column":4},"end":{"line":270,"column":4}}},"8":{"name":"_handle","line":277,"loc":{"start":{"line":277,"column":4},"end":{"line":328,"column":4}}},"9":{"name":"getTransferIdByCiphertextHash","line":333,"loc":{"start":{"line":333,"column":4},"end":{"line":337,"column":4}}}},"statementMap":{"1":{"start":{"line":70,"column":8},"end":{"line":70,"column":37}},"2":{"start":{"line":72,"column":8},"end":{"line":72,"column":26}},"3":{"start":{"line":82,"column":8},"end":{"line":82,"column":49}},"4":{"start":{"line":99,"column":8},"end":{"line":99,"column":79}},"5":{"start":{"line":113,"column":8},"end":{"line":113,"column":53}},"6":{"start":{"line":114,"column":8},"end":{"line":114,"column":46}},"7":{"start":{"line":116,"column":8},"end":{"line":116,"column":72}},"8":{"start":{"line":136,"column":8},"end":{"line":136,"column":72}},"9":{"start":{"line":153,"column":8},"end":{"line":153,"column":57}},"10":{"start":{"line":154,"column":8},"end":{"line":154,"column":71}},"11":{"start":{"line":155,"column":8},"end":{"line":155,"column":61}},"12":{"start":{"line":156,"column":8},"end":{"line":156,"column":58}},"13":{"start":{"line":174,"column":8},"end":{"line":174,"column":53}},"14":{"start":{"line":175,"column":8},"end":{"line":175,"column":64}},"15":{"start":{"line":177,"column":8},"end":{"line":177,"column":6738}},"16":{"start":{"line":193,"column":8},"end":{"line":193,"column":83}},"17":{"start":{"line":211,"column":8},"end":{"line":211,"column":53}},"18":{"start":{"line":212,"column":8},"end":{"line":212,"column":45}},"19":{"start":{"line":214,"column":8},"end":{"line":214,"column":72}},"20":{"start":{"line":216,"column":8},"end":{"line":216,"column":8111}},"21":{"start":{"line":232,"column":8},"end":{"line":232,"column":72}},"22":{"start":{"line":241,"column":8},"end":{"line":241,"column":60}},"23":{"start":{"line":242,"column":8},"end":{"line":242,"column":57}},"24":{"start":{"line":262,"column":8},"end":{"line":262,"column":57}},"25":{"start":{"line":266,"column":8},"end":{"line":266,"column":65}},"26":{"start":{"line":267,"column":8},"end":{"line":267,"column":54}},"27":{"start":{"line":269,"column":8},"end":{"line":269,"column":61}},"28":{"start":{"line":282,"column":8},"end":{"line":282,"column":10334}},"29":{"start":{"line":290,"column":8},"end":{"line":290,"column":61}},"30":{"start":{"line":291,"column":8},"end":{"line":291,"column":61}},"31":{"start":{"line":292,"column":8},"end":{"line":292,"column":70}},"32":{"start":{"line":293,"column":8},"end":{"line":293,"column":58}},"33":{"start":{"line":295,"column":8},"end":{"line":295,"column":59}},"34":{"start":{"line":296,"column":8},"end":{"line":296,"column":57}},"35":{"start":{"line":297,"column":8},"end":{"line":297,"column":57}},"36":{"start":{"line":298,"column":8},"end":{"line":298,"column":68}},"37":{"start":{"line":299,"column":8},"end":{"line":299,"column":65}},"38":{"start":{"line":300,"column":8},"end":{"line":300,"column":11079}},"39":{"start":{"line":306,"column":8},"end":{"line":306,"column":55}},"40":{"start":{"line":308,"column":8},"end":{"line":308,"column":11332}},"41":{"start":{"line":314,"column":8},"end":{"line":314,"column":11568}},"42":{"start":{"line":315,"column":12},"end":{"line":315,"column":69}},"43":{"start":{"line":316,"column":12},"end":{"line":316,"column":50}},"44":{"start":{"line":318,"column":12},"end":{"line":318,"column":55}},"45":{"start":{"line":325,"column":8},"end":{"line":325,"column":74}},"46":{"start":{"line":326,"column":8},"end":{"line":326,"column":74}},"47":{"start":{"line":327,"column":8},"end":{"line":327,"column":62}},"48":{"start":{"line":336,"column":8},"end":{"line":336,"column":60}}},"branchMap":{"1":{"line":82,"type":"if","locations":[{"start":{"line":82,"column":8},"end":{"line":82,"column":8}},{"start":{"line":82,"column":8},"end":{"line":82,"column":8}}]},"2":{"line":113,"type":"if","locations":[{"start":{"line":113,"column":8},"end":{"line":113,"column":8}},{"start":{"line":113,"column":8},"end":{"line":113,"column":8}}]},"3":{"line":114,"type":"if","locations":[{"start":{"line":114,"column":8},"end":{"line":114,"column":8}},{"start":{"line":114,"column":8},"end":{"line":114,"column":8}}]},"4":{"line":154,"type":"if","locations":[{"start":{"line":154,"column":8},"end":{"line":154,"column":8}},{"start":{"line":154,"column":8},"end":{"line":154,"column":8}}]},"5":{"line":155,"type":"if","locations":[{"start":{"line":155,"column":8},"end":{"line":155,"column":8}},{"start":{"line":155,"column":8},"end":{"line":155,"column":8}}]},"6":{"line":156,"type":"if","locations":[{"start":{"line":156,"column":8},"end":{"line":156,"column":8}},{"start":{"line":156,"column":8},"end":{"line":156,"column":8}}]},"7":{"line":174,"type":"if","locations":[{"start":{"line":174,"column":8},"end":{"line":174,"column":8}},{"start":{"line":174,"column":8},"end":{"line":174,"column":8}}]},"8":{"line":175,"type":"if","locations":[{"start":{"line":175,"column":8},"end":{"line":175,"column":8}},{"start":{"line":175,"column":8},"end":{"line":175,"column":8}}]},"9":{"line":211,"type":"if","locations":[{"start":{"line":211,"column":8},"end":{"line":211,"column":8}},{"start":{"line":211,"column":8},"end":{"line":211,"column":8}}]},"10":{"line":212,"type":"if","locations":[{"start":{"line":212,"column":8},"end":{"line":212,"column":8}},{"start":{"line":212,"column":8},"end":{"line":212,"column":8}}]},"11":{"line":241,"type":"if","locations":[{"start":{"line":241,"column":8},"end":{"line":241,"column":8}},{"start":{"line":241,"column":8},"end":{"line":241,"column":8}}]},"12":{"line":242,"type":"if","locations":[{"start":{"line":242,"column":8},"end":{"line":242,"column":8}},{"start":{"line":242,"column":8},"end":{"line":242,"column":8}}]},"13":{"line":291,"type":"if","locations":[{"start":{"line":291,"column":8},"end":{"line":291,"column":8}},{"start":{"line":291,"column":8},"end":{"line":291,"column":8}}]},"14":{"line":292,"type":"if","locations":[{"start":{"line":292,"column":8},"end":{"line":292,"column":8}},{"start":{"line":292,"column":8},"end":{"line":292,"column":8}}]},"15":{"line":293,"type":"if","locations":[{"start":{"line":293,"column":8},"end":{"line":293,"column":8}},{"start":{"line":293,"column":8},"end":{"line":293,"column":8}}]},"16":{"line":297,"type":"if","locations":[{"start":{"line":297,"column":8},"end":{"line":297,"column":8}},{"start":{"line":297,"column":8},"end":{"line":297,"column":8}}]},"17":{"line":298,"type":"if","locations":[{"start":{"line":298,"column":8},"end":{"line":298,"column":8}},{"start":{"line":298,"column":8},"end":{"line":298,"column":8}}]},"18":{"line":299,"type":"if","locations":[{"start":{"line":299,"column":8},"end":{"line":299,"column":8}},{"start":{"line":299,"column":8},"end":{"line":299,"column":8}}]},"19":{"line":300,"type":"if","locations":[{"start":{"line":300,"column":8},"end":{"line":300,"column":8}},{"start":{"line":300,"column":8},"end":{"line":300,"column":8}}]},"20":{"line":301,"type":"cond-expr","locations":[{"start":{"line":301,"column":12},"end":{"line":301,"column":31}},{"start":{"line":301,"column":36},"end":{"line":301,"column":61}}]},"21":{"line":308,"type":"if","locations":[{"start":{"line":308,"column":8},"end":{"line":308,"column":8}},{"start":{"line":308,"column":8},"end":{"line":308,"column":8}}]},"22":{"line":314,"type":"if","locations":[{"start":{"line":314,"column":8},"end":{"line":314,"column":8}},{"start":{"line":314,"column":8},"end":{"line":314,"column":8}}]},"23":{"line":316,"type":"if","locations":[{"start":{"line":316,"column":12},"end":{"line":316,"column":12}},{"start":{"line":316,"column":12},"end":{"line":316,"column":12}}]},"24":{"line":326,"type":"if","locations":[{"start":{"line":326,"column":8},"end":{"line":326,"column":8}},{"start":{"line":326,"column":8},"end":{"line":326,"column":8}}]}}},"contracts/PrivateTransferVault.sol":{"l":{"61":0,"62":0,"63":0,"74":0,"78":0,"83":0,"84":0,"85":0,"86":0,"87":0,"89":0,"106":0,"108":0,"109":0,"113":0,"115":0,"120":0,"121":0,"123":0,"135":0,"136":0,"153":0,"154":0,"158":0,"162":0,"168":0,"172":0,"173":0},"path":"/root/c0gito/contracts/PrivateTransferVault.sol","s":{"1":0,"2":0,"3":0,"4":0,"5":0,"6":0,"7":0,"8":0,"9":0,"10":0,"11":0,"12":0,"13":0,"14":0,"15":0,"16":0,"17":0,"18":0,"19":0,"20":0},"b":{"1":[0,0],"2":[0,0],"3":[0,0],"4":[0,0],"5":[0,0],"6":[0,0]},"f":{"1":0,"2":0,"3":0,"4":0,"5":0,"6":0},"fnMap":{"1":{"name":"constructor","line":60,"loc":{"start":{"line":60,"column":4},"end":{"line":64,"column":4}}},"2":{"name":"_handle","line":69,"loc":{"start":{"line":69,"column":4},"end":{"line":95,"column":4}}},"3":{"name":"processTransfer","line":104,"loc":{"start":{"line":102,"column":4},"end":{"line":143,"column":4}}},"4":{"name":"revealTransfer","line":152,"loc":{"start":{"line":150,"column":4},"end":{"line":159,"column":4}}},"5":{"name":"vaultPublicKey","line":161,"loc":{"start":{"line":161,"column":4},"end":{"line":163,"column":4}}},"6":{"name":"_decryptEnvelope","line":165,"loc":{"start":{"line":165,"column":4},"end":{"line":174,"column":4}}}},"statementMap":{"1":{"start":{"line":61,"column":8},"end":{"line":61,"column":37}},"2":{"start":{"line":62,"column":8},"end":{"line":62,"column":26}},"3":{"start":{"line":74,"column":8},"end":{"line":74,"column":2046}},"4":{"start":{"line":78,"column":8},"end":{"line":78,"column":2177}},"5":{"start":{"line":83,"column":8},"end":{"line":83,"column":75}},"6":{"start":{"line":89,"column":8},"end":{"line":89,"column":2539}},"7":{"start":{"line":106,"column":8},"end":{"line":106,"column":65}},"8":{"start":{"line":108,"column":8},"end":{"line":108,"column":75}},"9":{"start":{"line":109,"column":8},"end":{"line":109,"column":3243}},"10":{"start":{"line":113,"column":8},"end":{"line":113,"column":59}},"11":{"start":{"line":115,"column":8},"end":{"line":115,"column":3420}},"12":{"start":{"line":123,"column":8},"end":{"line":123,"column":3649}},"13":{"start":{"line":135,"column":8},"end":{"line":135,"column":68}},"14":{"start":{"line":136,"column":8},"end":{"line":136,"column":4004}},"15":{"start":{"line":153,"column":8},"end":{"line":153,"column":75}},"16":{"start":{"line":154,"column":8},"end":{"line":154,"column":4632}},"17":{"start":{"line":162,"column":8},"end":{"line":162,"column":62}},"18":{"start":{"line":168,"column":8},"end":{"line":168,"column":5063}},"19":{"start":{"line":172,"column":8},"end":{"line":172,"column":47}},"20":{"start":{"line":173,"column":8},"end":{"line":173,"column":77}}},"branchMap":{"1":{"line":104,"type":"if","locations":[{"start":{"line":104,"column":23},"end":{"line":104,"column":23}},{"start":{"line":104,"column":23},"end":{"line":104,"column":23}}]},"2":{"line":106,"type":"if","locations":[{"start":{"line":106,"column":8},"end":{"line":106,"column":8}},{"start":{"line":106,"column":8},"end":{"line":106,"column":8}}]},"3":{"line":109,"type":"if","locations":[{"start":{"line":109,"column":8},"end":{"line":109,"column":8}},{"start":{"line":109,"column":8},"end":{"line":109,"column":8}}]},"4":{"line":113,"type":"if","locations":[{"start":{"line":113,"column":8},"end":{"line":113,"column":8}},{"start":{"line":113,"column":8},"end":{"line":113,"column":8}}]},"5":{"line":152,"type":"if","locations":[{"start":{"line":152,"column":20},"end":{"line":152,"column":20}},{"start":{"line":152,"column":20},"end":{"line":152,"column":20}}]},"6":{"line":154,"type":"if","locations":[{"start":{"line":154,"column":8},"end":{"line":154,"column":8}},{"start":{"line":154,"column":8},"end":{"line":154,"column":8}}]}}},"contracts/test/MockERC20.sol":{"l":{"17":0,"18":0,"22":2,"23":2,"24":2,"28":2,"29":2,"30":2,"31":2,"33":2,"34":2,"38":15,"39":15,"40":15,"44":2,"45":2,"46":2,"47":2,"49":2},"path":"/root/c0gito/contracts/test/MockERC20.sol","s":{"1":0,"2":0,"3":2,"4":2,"5":2,"6":2,"7":2,"8":2,"9":15,"10":2,"11":2},"b":{"1":[2,0],"2":[2,0]},"f":{"1":0,"2":2,"3":2,"4":15,"5":2},"fnMap":{"1":{"name":"transfer","line":16,"loc":{"start":{"line":16,"column":4},"end":{"line":19,"column":4}}},"2":{"name":"approve","line":21,"loc":{"start":{"line":21,"column":4},"end":{"line":25,"column":4}}},"3":{"name":"transferFrom","line":27,"loc":{"start":{"line":27,"column":4},"end":{"line":35,"column":4}}},"4":{"name":"mint","line":37,"loc":{"start":{"line":37,"column":4},"end":{"line":41,"column":4}}},"5":{"name":"_transfer","line":43,"loc":{"start":{"line":43,"column":4},"end":{"line":50,"column":4}}}},"statementMap":{"1":{"start":{"line":17,"column":8},"end":{"line":17,"column":40}},"2":{"start":{"line":18,"column":8},"end":{"line":18,"column":19}},"3":{"start":{"line":23,"column":8},"end":{"line":23,"column":50}},"4":{"start":{"line":24,"column":8},"end":{"line":24,"column":19}},"5":{"start":{"line":28,"column":8},"end":{"line":28,"column":53}},"6":{"start":{"line":29,"column":8},"end":{"line":29,"column":59}},"7":{"start":{"line":33,"column":8},"end":{"line":33,"column":34}},"8":{"start":{"line":34,"column":8},"end":{"line":34,"column":19}},"9":{"start":{"line":40,"column":8},"end":{"line":40,"column":45}},"10":{"start":{"line":44,"column":8},"end":{"line":44,"column":65}},"11":{"start":{"line":49,"column":8},"end":{"line":49,"column":39}}},"branchMap":{"1":{"line":29,"type":"if","locations":[{"start":{"line":29,"column":8},"end":{"line":29,"column":8}},{"start":{"line":29,"column":8},"end":{"line":29,"column":8}}]},"2":{"line":44,"type":"if","locations":[{"start":{"line":44,"column":8},"end":{"line":44,"column":8}},{"start":{"line":44,"column":8},"end":{"line":44,"column":8}}]}}},"contracts/test/MockMailbox.sol":{"l":{"22":17,"26":3,"35":0,"38":0,"39":0,"40":0,"41":0,"52":6,"55":6,"56":6,"57":6,"58":6,"63":2},"path":"/root/c0gito/contracts/test/MockMailbox.sol","s":{"1":0,"2":0,"3":0,"4":6,"5":6,"6":6,"7":2},"b":{},"f":{"1":17,"2":3,"3":0,"4":6,"5":2},"fnMap":{"1":{"name":"constructor","line":21,"loc":{"start":{"line":21,"column":4},"end":{"line":23,"column":4}}},"2":{"name":"setProcessorAddress","line":25,"loc":{"start":{"line":25,"column":4},"end":{"line":27,"column":4}}},"3":{"name":"dispatch","line":30,"loc":{"start":{"line":30,"column":4},"end":{"line":42,"column":4}}},"4":{"name":"dispatch","line":45,"loc":{"start":{"line":45,"column":4},"end":{"line":59,"column":4}}},"5":{"name":"processor","line":62,"loc":{"start":{"line":62,"column":4},"end":{"line":64,"column":4}}}},"statementMap":{"1":{"start":{"line":35,"column":8},"end":{"line":35,"column":1114}},"2":{"start":{"line":40,"column":8},"end":{"line":40,"column":80}},"3":{"start":{"line":41,"column":8},"end":{"line":41,"column":17}},"4":{"start":{"line":52,"column":8},"end":{"line":52,"column":1736}},"5":{"start":{"line":57,"column":8},"end":{"line":57,"column":77}},"6":{"start":{"line":58,"column":8},"end":{"line":58,"column":17}},"7":{"start":{"line":63,"column":8},"end":{"line":63,"column":31}}},"branchMap":{}},"contracts/TrustedRelayerIsm.sol":{"l":{"27":2,"31":1,"35":1,"36":1,"43":2},"path":"/root/c0gito/contracts/TrustedRelayerIsm.sol","s":{"1":2,"2":1,"3":2},"b":{"1":[1,1],"2":[1,0]},"f":{"1":2,"2":2},"fnMap":{"1":{"name":"constructor","line":26,"loc":{"start":{"line":26,"column":4},"end":{"line":37,"column":4}}},"2":{"name":"verify","line":39,"loc":{"start":{"line":39,"column":4},"end":{"line":44,"column":4}}}},"statementMap":{"1":{"start":{"line":27,"column":8},"end":{"line":27,"column":1161}},"2":{"start":{"line":31,"column":8},"end":{"line":31,"column":1281}},"3":{"start":{"line":43,"column":8},"end":{"line":43,"column":64}}},"branchMap":{"1":{"line":27,"type":"if","locations":[{"start":{"line":27,"column":8},"end":{"line":27,"column":8}},{"start":{"line":27,"column":8},"end":{"line":27,"column":8}}]},"2":{"line":31,"type":"if","locations":[{"start":{"line":31,"column":8},"end":{"line":31,"column":8}},{"start":{"line":31,"column":8},"end":{"line":31,"column":8}}]}}}}